#
# A fatal error has been detected by the Java Runtime Environment:
#
#  EXCEPTION_ACCESS_VIOLATION (0xc0000005) at pc=0x00007ff8a9ea987a, pid=16292, tid=9116
#
# JRE version: OpenJDK Runtime Environment Corretto-15.0.1.9.1 (15.0.1+9) (build 15.0.1+9)
# Java VM: OpenJDK 64-Bit Server VM Corretto-15.0.1.9.1 (15.0.1+9, mixed mode, sharing, tiered, compressed oops, g1 gc, windows-amd64)
# Problematic frame:
# C  [skiko-windows-x64.dll+0x7987a]
#
# No core dump will be written. Minidumps are not enabled by default on client versions of Windows
#
# If you would like to submit a bug report, please visit:
#   https://bugreport.java.com/bugreport/crash.jsp
# The crash happened outside the Java Virtual Machine in native code.
# See problematic frame for where to report the bug.
#

---------------  S U M M A R Y ------------

Command Line: -agentlib:jdwp=transport=dt_socket,address=127.0.0.1:65332,suspend=y,server=n -Dkotlinx.coroutines.debug -javaagent:C:\Users\gramb\.gradle\caches\modules-2\files-2.1\org.jetbrains.kotlinx\kotlinx-coroutines-core-jvm\1.5.0\d8cebccdcddd029022aa8646a5a953ff88b13ac8\kotlinx-coroutines-core-jvm-1.5.0.jar -javaagent:C:\Users\gramb\AppData\Local\JetBrains\IntelliJIdea2021.1\captureAgent\debugger-agent.jar -Dfile.encoding=UTF-8 io.grimlocations.MainKt

Host: Intel(R) Core(TM) i7-4790K CPU @ 4.00GHz, 8 cores, 15G,  Windows 10 , 64 bit Build 19041 (10.0.19041.928)
Time: Thu Jul 15 20:18:06 2021 US Mountain Standard Time elapsed time: 5.205923 seconds (0d 0h 0m 5s)

---------------  T H R E A D  ---------------

Current thread (0x00000279228a5e00):  JavaThread "AWT-EventQueue-0 @coroutine#266" [_thread_in_native, id=9116, stack(0x000000db8e100000,0x000000db8e200000)]

Stack: [0x000000db8e100000,0x000000db8e200000],  sp=0x000000db8e1fe5b0,  free space=1017k
Native frames: (J=compiled Java code, j=interpreted, Vv=VM code, C=native code)
C  [skiko-windows-x64.dll+0x7987a]

Java frames: (J=compiled Java code, j=interpreted, Vv=VM code)
j  org.jetbrains.skiko.redrawer.Direct3DRedrawer.getBufferIndex(J)I+0
j  org.jetbrains.skiko.context.Direct3DContextHandler.initCanvas()V+257
j  org.jetbrains.skiko.SkiaLayer.prepareDrawContext$skiko()Z+92
j  org.jetbrains.skiko.redrawer.Direct3DRedrawer.draw(Lkotlin/coroutines/Continuation;)Ljava/lang/Object;+4
j  org.jetbrains.skiko.redrawer.Direct3DRedrawer.access$draw(Lorg/jetbrains/skiko/redrawer/Direct3DRedrawer;Lkotlin/coroutines/Continuation;)Ljava/lang/Object;+2
j  org.jetbrains.skiko.redrawer.Direct3DRedrawer$frameDispatcher$1.invokeSuspend(Ljava/lang/Object;)Ljava/lang/Object;+59
j  org.jetbrains.skiko.redrawer.Direct3DRedrawer$frameDispatcher$1.invoke(Lkotlin/coroutines/Continuation;)Ljava/lang/Object;+11
j  org.jetbrains.skiko.redrawer.Direct3DRedrawer$frameDispatcher$1.invoke(Ljava/lang/Object;)Ljava/lang/Object;+5
j  org.jetbrains.skiko.FrameDispatcher$job$1.invokeSuspend(Ljava/lang/Object;)Ljava/lang/Object;+100
J 3920 c1 kotlin.coroutines.jvm.internal.BaseContinuationImpl.resumeWith(Ljava/lang/Object;)V (142 bytes) @ 0x00000279090e6afc [0x00000279090e66e0+0x000000000000041c]
J 3991 c1 kotlinx.coroutines.DispatchedTask.run()V (658 bytes) @ 0x0000027909117d44 [0x00000279091168e0+0x0000000000001464]
J 3975 c1 java.awt.event.InvocationEvent.dispatch$$$capture()V java.desktop@15.0.1 (69 bytes) @ 0x000002790910c22c [0x000002790910c000+0x000000000000022c]
J 3806 c1 java.awt.event.InvocationEvent.dispatch()V java.desktop@15.0.1 (18 bytes) @ 0x00000279090c4084 [0x00000279090c3fe0+0x00000000000000a4]
J 3941 c1 java.awt.EventQueue.dispatchEventImpl(Ljava/awt/AWTEvent;Ljava/lang/Object;)V java.desktop@15.0.1 (136 bytes) @ 0x00000279090fc014 [0x00000279090fa440+0x0000000000001bd4]
J 3998 c1 java.awt.EventQueue$4.run()Ljava/lang/Void; java.desktop@15.0.1 (60 bytes) @ 0x000002790912083c [0x0000027909120700+0x000000000000013c]
J 3937 c1 java.awt.EventQueue.dispatchEvent(Ljava/awt/AWTEvent;)V java.desktop@15.0.1 (80 bytes) @ 0x00000279090f5b3c [0x00000279090f5560+0x00000000000005dc]
J 3942 c1 java.awt.EventDispatchThread.pumpOneEventForFilters(I)V java.desktop@15.0.1 (113 bytes) @ 0x00000279090f8d7c [0x00000279090f86a0+0x00000000000006dc]
j  java.awt.EventDispatchThread.pumpEventsForFilter(ILjava/awt/Conditional;Ljava/awt/EventFilter;)V+35 java.desktop@15.0.1
j  java.awt.EventDispatchThread.pumpEventsForHierarchy(ILjava/awt/Conditional;Ljava/awt/Component;)V+11 java.desktop@15.0.1
j  java.awt.EventDispatchThread.pumpEvents(ILjava/awt/Conditional;)V+4 java.desktop@15.0.1
j  java.awt.EventDispatchThread.pumpEvents(Ljava/awt/Conditional;)V+3 java.desktop@15.0.1
j  java.awt.EventDispatchThread.run()V+9 java.desktop@15.0.1
v  ~StubRoutines::call_stub

siginfo: EXCEPTION_ACCESS_VIOLATION (0xc0000005), reading address 0x0000000000000000


Register to memory mapping:

RIP=0x00007ff8a9ea987a skiko-windows-x64.dll
RAX=0x0 is NULL
RBX=0x0000027933b23080 points into unknown readable memory: 0x000000000011091e | 1e 09 11 00 00 00 00 00
RCX=0x0 is NULL
RDX=0x000000db8e1fe6a8 is pointing into the stack for thread: 0x00000279228a5e00
RSP=0x000000db8e1fe5b0 is pointing into the stack for thread: 0x00000279228a5e00
RBP=0x000000db8e1fe678 is pointing into the stack for thread: 0x00000279228a5e00
RSI=0x0000000000000148 is an unknown value
RDI=0x0 is NULL
R8 =0x0000027933b23080 points into unknown readable memory: 0x000000000011091e | 1e 09 11 00 00 00 00 00
R9 =0x0 is NULL
R10=0x0000027908445ed3 is at code_begin+1971 in an Interpreter codelet
method entry point (kind = native)  [0x0000027908445720, 0x0000027908446a00]  4832 bytes
R11=0x0000000000000111 is an unknown value
R12=0x0 is NULL
R13={method} {0x0000027930f85db8} 'getBufferIndex' '(J)I' in 'org/jetbrains/skiko/redrawer/Direct3DRedrawer'
R14=0x000000db8e1fe6a8 is pointing into the stack for thread: 0x00000279228a5e00
R15=0x00000279228a5e00 is a thread


Registers:
RAX=0x0000000000000000, RBX=0x0000027933b23080, RCX=0x0000000000000000, RDX=0x000000db8e1fe6a8
RSP=0x000000db8e1fe5b0, RBP=0x000000db8e1fe678, RSI=0x0000000000000148, RDI=0x0000000000000000
R8 =0x0000027933b23080, R9 =0x0000000000000000, R10=0x0000027908445ed3, R11=0x0000000000000111
R12=0x0000000000000000, R13=0x0000027930f85db0, R14=0x000000db8e1fe6a8, R15=0x00000279228a5e00
RIP=0x00007ff8a9ea987a, EFLAGS=0x0000000000010202

Top of Stack: (sp=0x000000db8e1fe5b0)
0x000000db8e1fe5b0:   00000279284938d0 0000000000000000
0x000000db8e1fe5c0:   000000db8e1fe5d8 000000db8e1fe638
0x000000db8e1fe5d0:   000000db8e1fe640 000002790843c284
0x000000db8e1fe5e0:   0000000000000133 0000027908445f02
0x000000db8e1fe5f0:   0000027930f85db0 000000db8e1fe640
0x000000db8e1fe600:   0000027928444e80 0000000000000000
0x000000db8e1fe610:   00000007015aaf90 00000279284423d0
0x000000db8e1fe620:   000000db8e1fe690 000002790843cda0
0x000000db8e1fe630:   000000db8e1fe630 0000000000000000
0x000000db8e1fe640:   000000db8e1fe6a8 0000027930f86658
0x000000db8e1fe650:   0000000000000000 00000007017207e0
0x000000db8e1fe660:   0000027930f85db0 0000000000000000
0x000000db8e1fe670:   000000db8e1fe698 000000db8e1fe708
0x000000db8e1fe680:   000002790843bc58 0000000000000000
0x000000db8e1fe690:   0000027908440f36 0000027933b23080
0x000000db8e1fe6a0:   0000000000000000 00000007080f8d78 

Instructions: (pc=0x00007ff8a9ea987a)
0x00007ff8a9ea977a:   02 00 00 00 48 8b c1 48 81 fa 00 10 00 00 72 15
0x00007ff8a9ea978a:   48 8b 49 f8 48 83 c2 27 48 2b c1 48 83 c0 f8 48
0x00007ff8a9ea979a:   83 f8 1f 77 2f e8 93 49 fa ff 48 8b c3 48 8b 8d
0x00007ff8a9ea97aa:   a0 00 00 00 48 33 cc e8 b6 88 f9 ff 4c 8d 9c 24
0x00007ff8a9ea97ba:   b0 01 00 00 49 8b 5b 28 49 8b 73 38 49 8b e3 41
0x00007ff8a9ea97ca:   5e 5f 5d c3 e8 f8 2e f9 ff cc cc cc cc cc cc cc
0x00007ff8a9ea97da:   cc cc cc cc cc cc cc cc cc cc cc cc cc cc cc cc
0x00007ff8a9ea97ea:   cc cc cc cc cc cc cc cc cc cc cc cc cc cc cc cc
0x00007ff8a9ea97fa:   cc cc cc cc cc cc cc cc cc cc cc cc cc cc cc cc
0x00007ff8a9ea980a:   cc cc cc cc cc cc cc cc cc cc cc cc cc cc cc cc
0x00007ff8a9ea981a:   cc cc cc cc cc cc cc cc cc cc cc cc cc cc cc cc
0x00007ff8a9ea982a:   cc cc cc cc cc cc cc cc cc cc cc cc cc cc cc cc
0x00007ff8a9ea983a:   cc cc cc cc cc cc cc cc cc cc cc cc cc cc cc cc
0x00007ff8a9ea984a:   cc cc cc cc cc cc cc cc cc cc cc cc cc cc cc cc
0x00007ff8a9ea985a:   cc cc cc cc cc cc 48 89 5c 24 08 57 48 83 ec 30
0x00007ff8a9ea986a:   41 8b 40 78 49 8b d8 49 8b 48 38 49 8b 7c c0 60
0x00007ff8a9ea987a:   48 8b 01 ff 90 20 01 00 00 48 8b 4b 58 89 43 78
0x00007ff8a9ea988a:   48 8b 01 ff 50 40 48 3b c7 73 27 48 8b 4b 58 48
0x00007ff8a9ea989a:   8b d7 4c 8b 43 70 48 8b 01 ff 50 48 85 c0 78 2c
0x00007ff8a9ea98aa:   48 8b 4b 70 45 33 c0 ba ff ff ff ff ff 15 cc 68
0x00007ff8a9ea98ba:   e6 00 8b 43 78 48 8d 4f 01 48 89 4c c3 60 8b 43
0x00007ff8a9ea98ca:   78 48 8b 5c 24 40 48 83 c4 30 5f c3 8b d0 48 8d
0x00007ff8a9ea98da:   0d 29 c2 b6 00 e8 67 bb fa ff 41 b8 01 00 00 00
0x00007ff8a9ea98ea:   48 8d 15 43 c2 b6 00 48 8d 4c 24 20 e8 81 40 f9
0x00007ff8a9ea98fa:   ff 48 8d 15 76 a1 da 00 48 8d 4c 24 20 e8 f7 e9
0x00007ff8a9ea990a:   fa ff cc cc cc cc cc cc cc cc cc cc cc cc cc cc
0x00007ff8a9ea991a:   cc cc cc cc cc cc cc cc cc cc cc cc cc cc cc cc
0x00007ff8a9ea992a:   cc cc cc cc cc cc cc cc cc cc cc cc cc cc cc cc
0x00007ff8a9ea993a:   cc cc cc cc cc cc 40 53 48 83 ec 40 49 c7 40 60
0x00007ff8a9ea994a:   10 27 00 00 49 8d 40 58 49 c7 40 68 10 27 00 00
0x00007ff8a9ea995a:   4c 8d 0d df c1 b6 00 49 8b 48 30 49 8b d8 45 33
0x00007ff8a9ea996a:   c0 48 89 44 24 20 ba 10 27 00 00 4c 8b 11 41 ff 


Stack slot to memory mapping:
stack at sp + 0 slots: {method} {0x00000279284938d8} '<init>' '(J)V' in 'org/jetbrains/skija/impl/RefCnt'
stack at sp + 1 slots: 0x0 is NULL
stack at sp + 2 slots: 0x000000db8e1fe5d8 is pointing into the stack for thread: 0x00000279228a5e00
stack at sp + 3 slots: 0x000000db8e1fe638 is pointing into the stack for thread: 0x00000279228a5e00
stack at sp + 4 slots: 0x000000db8e1fe640 is pointing into the stack for thread: 0x00000279228a5e00
stack at sp + 5 slots: 0x000002790843c284 is at code_begin+4740 in an Interpreter codelet
invoke return entry points  [0x000002790843b000, 0x000002790843d0c0]  8384 bytes
stack at sp + 6 slots: 0x0000000000000133 is an unknown value
stack at sp + 7 slots: 0x0000027908445f02 is at code_begin+2018 in an Interpreter codelet
method entry point (kind = native)  [0x0000027908445720, 0x0000027908446a00]  4832 bytes


---------------  P R O C E S S  ---------------

Threads class SMR info:
_java_thread_list=0x0000027933ce6c10, length=28, elements={
0x000002797b56d770, 0x000002797fb764a0, 0x000002797fb77070, 0x000002797fb8be90,
0x000002797fb8e760, 0x000002797fb92140, 0x000002797fb974e0, 0x000002797fba2fb0,
0x000002797fbb61a0, 0x000002797fcad1f0, 0x000002797fd0b760, 0x000002797fd22770,
0x000002797fd22c60, 0x0000027921d43410, 0x000002797fe76c90, 0x00000279228f5010,
0x000002792298ccd0, 0x0000027922e0a010, 0x000002792298d1a0, 0x00000279228a5e00,
0x000002792287a090, 0x000002792287af00, 0x000002792287c710, 0x000002792287a560,
0x000002792ab55a00, 0x0000027930cb01b0, 0x0000027930cb19c0, 0x000002792ab56d40
}

Java Threads: ( => current thread )
  0x000002797b56d770 JavaThread "main" [_thread_blocked, id=12760, stack(0x000000db8c100000,0x000000db8c200000)]
  0x000002797fb764a0 JavaThread "Reference Handler" daemon [_thread_blocked, id=3888, stack(0x000000db8c800000,0x000000db8c900000)]
  0x000002797fb77070 JavaThread "Finalizer" daemon [_thread_blocked, id=17628, stack(0x000000db8c900000,0x000000db8ca00000)]
  0x000002797fb8be90 JavaThread "Signal Dispatcher" daemon [_thread_blocked, id=12488, stack(0x000000db8ca00000,0x000000db8cb00000)]
  0x000002797fb8e760 JavaThread "Attach Listener" daemon [_thread_blocked, id=18480, stack(0x000000db8cb00000,0x000000db8cc00000)]
  0x000002797fb92140 JavaThread "Service Thread" daemon [_thread_blocked, id=2712, stack(0x000000db8cc00000,0x000000db8cd00000)]
  0x000002797fb974e0 JavaThread "C2 CompilerThread0" daemon [_thread_blocked, id=14348, stack(0x000000db8cd00000,0x000000db8ce00000)]
  0x000002797fba2fb0 JavaThread "C1 CompilerThread0" daemon [_thread_blocked, id=15720, stack(0x000000db8ce00000,0x000000db8cf00000)]
  0x000002797fbb61a0 JavaThread "Sweeper thread" daemon [_thread_blocked, id=12780, stack(0x000000db8cf00000,0x000000db8d000000)]
  0x000002797fcad1f0 JavaThread "Common-Cleaner" daemon [_thread_blocked, id=6688, stack(0x000000db8d000000,0x000000db8d100000)]
  0x000002797fd0b760 JavaThread "JDWP Transport Listener: dt_socket" daemon [_thread_blocked, id=16124, stack(0x000000db8d100000,0x000000db8d200000)]
  0x000002797fd22770 JavaThread "JDWP Event Helper Thread" daemon [_thread_blocked, id=20196, stack(0x000000db8d200000,0x000000db8d300000)]
  0x000002797fd22c60 JavaThread "JDWP Command Reader" daemon [_thread_in_native, id=17692, stack(0x000000db8d300000,0x000000db8d400000)]
  0x0000027921d43410 JavaThread "Coroutines Debugger Cleaner" daemon [_thread_blocked, id=19284, stack(0x000000db8d500000,0x000000db8d600000)]
  0x000002797fe76c90 JavaThread "Notification Thread" daemon [_thread_blocked, id=8536, stack(0x000000db8d600000,0x000000db8d700000)]
  0x00000279228f5010 JavaThread "ForkJoinPool.commonPool-worker-3" daemon [_thread_blocked, id=8656, stack(0x000000db8dd00000,0x000000db8de00000)]
  0x000002792298ccd0 JavaThread "Java2D Disposer" daemon [_thread_blocked, id=20148, stack(0x000000db8de00000,0x000000db8df00000)]
  0x0000027922e0a010 JavaThread "AWT-Shutdown" [_thread_blocked, id=20180, stack(0x000000db8df00000,0x000000db8e000000)]
  0x000002792298d1a0 JavaThread "AWT-Windows" daemon [_thread_in_native, id=10284, stack(0x000000db8e000000,0x000000db8e100000)]
=>0x00000279228a5e00 JavaThread "AWT-EventQueue-0 @coroutine#266" [_thread_in_native, id=9116, stack(0x000000db8e100000,0x000000db8e200000)]
  0x000002792287a090 JavaThread "Cleaner-0" daemon [_thread_blocked, id=15736, stack(0x000000db8e470000,0x000000db8e570000)]
  0x000002792287af00 JavaThread "DefaultDispatcher-worker-1" daemon [_thread_blocked, id=13284, stack(0x000000db8e670000,0x000000db8e770000)]
  0x000002792287c710 JavaThread "DefaultDispatcher-worker-2" daemon [_thread_blocked, id=10220, stack(0x000000db8e770000,0x000000db8e870000)]
  0x000002792287a560 JavaThread "DefaultDispatcher-worker-3" daemon [_thread_blocked, id=16920, stack(0x000000db8e870000,0x000000db8e970000)]
  0x000002792ab55a00 JavaThread "D3D Screen Updater" daemon [_thread_blocked, id=13088, stack(0x000000db8e970000,0x000000db8ea70000)]
  0x0000027930cb01b0 JavaThread "DefaultDispatcher-worker-4" daemon [_thread_blocked, id=13756, stack(0x000000db8ee90000,0x000000db8ef90000)]
  0x0000027930cb19c0 JavaThread "DefaultDispatcher-worker-5" daemon [_thread_blocked, id=7796, stack(0x000000db8ef90000,0x000000db8f090000)]
  0x000002792ab56d40 JavaThread "TimerQueue" daemon [_thread_blocked, id=6548, stack(0x000000db8f190000,0x000000db8f290000)]

Other Threads:
  0x000002797fb70de0 VMThread "VM Thread" [stack: 0x000000db8c700000,0x000000db8c800000] [id=632]
  0x000002797b56e6b0 WatcherThread [stack: 0x000000db8d700000,0x000000db8d800000] [id=15084]
  0x000002797b53e830 GCTaskThread "GC Thread#0" [stack: 0x000000db8c200000,0x000000db8c300000] [id=7976]
  0x000002797fd03310 GCTaskThread "GC Thread#1" [stack: 0x000000db8d800000,0x000000db8d900000] [id=6072]
  0x000002797fd062e0 GCTaskThread "GC Thread#2" [stack: 0x000000db8d900000,0x000000db8da00000] [id=14200]
  0x000002797fd06610 GCTaskThread "GC Thread#3" [stack: 0x000000db8da00000,0x000000db8db00000] [id=14732]
  0x00000279224e80a0 GCTaskThread "GC Thread#4" [stack: 0x000000db8db00000,0x000000db8dc00000] [id=8492]
  0x00000279224eba00 GCTaskThread "GC Thread#5" [stack: 0x000000db8dc00000,0x000000db8dd00000] [id=7708]
  0x000002797b5cb000 ConcurrentGCThread "G1 Main Marker" [stack: 0x000000db8c300000,0x000000db8c400000] [id=15580]
  0x000002797b5cc340 ConcurrentGCThread "G1 Conc#0" [stack: 0x000000db8c400000,0x000000db8c500000] [id=10748]
  0x00000279224e96f0 ConcurrentGCThread "G1 Conc#1" [stack: 0x000000db8e570000,0x000000db8e670000] [id=2952]
  0x000002797b63dda0 ConcurrentGCThread "G1 Refine#0" [stack: 0x000000db8c500000,0x000000db8c600000] [id=19296]
  0x000002797b63e9a0 ConcurrentGCThread "G1 Young RemSet Sampling" [stack: 0x000000db8c600000,0x000000db8c700000] [id=15732]

Threads with active compile tasks:

VM state: not at safepoint (normal execution)

VM Mutex/Monitor currently owned by a thread: None

Heap address: 0x0000000700e00000, size: 4082 MB, Compressed Oops mode: Zero based, Oop shift amount: 3
CDS archive(s) mapped at: [0x0000000800000000-0x0000000800b50000-0x0000000800b50000), size 11862016, SharedBaseAddress: 0x0000000800000000, ArchiveRelocationMode: 0.
Compressed class space mapped at: 0x0000000800b50000-0x0000000840b50000, size: 1073741824
Narrow klass base: 0x0000000800000000, Narrow klass shift: 3, Narrow klass range: 0x100000000

GC Precious Log:
 CPUs: 8 total, 8 available
 Memory: 16325M
 Large Page Support: Disabled
 NUMA Support: Disabled
 Compressed Oops: Enabled (Zero based)
 Heap Region Size: 2M
 Heap Min Capacity: 8M
 Heap Initial Capacity: 256M
 Heap Max Capacity: 4082M
 Pre-touch: Disabled
 Parallel Workers: 8
 Concurrent Workers: 2
 Concurrent Refinement Workers: 8
 Periodic GC: Disabled

Heap:
 garbage-first heap   total 151552K, used 47608K [0x0000000700e00000, 0x0000000800000000)
  region size 2048K, 19 young (38912K), 2 survivors (4096K)
 Metaspace       used 41965K, capacity 42253K, committed 42576K, reserved 1087488K
  class space    used 4642K, capacity 4742K, committed 4864K, reserved 1048576K

Heap Regions: E=young(eden), S=young(survivor), O=old, HS=humongous(starts), HC=humongous(continues), CS=collection set, F=free, OA=open archive, CA=closed archive, TAMS=top-at-mark-start (previous, next)
|   0|0x0000000700e00000, 0x0000000701000000, 0x0000000701000000|100%| O|  |TAMS 0x0000000701000000, 0x0000000700e00000| Untracked 
|   1|0x0000000701000000, 0x000000070119e200, 0x0000000701200000| 80%| O|  |TAMS 0x000000070119e200, 0x0000000701000000| Untracked 
|   2|0x0000000701200000, 0x0000000701400000, 0x0000000701400000|100%|HS|  |TAMS 0x0000000701400000, 0x0000000701200000| Complete 
|   3|0x0000000701400000, 0x0000000701600000, 0x0000000701600000|100%| O|  |TAMS 0x0000000701600000, 0x0000000701400000| Untracked 
|   4|0x0000000701600000, 0x0000000701800000, 0x0000000701800000|100%| O|  |TAMS 0x00000007016fe000, 0x0000000701600000| Untracked 
|   5|0x0000000701800000, 0x0000000701a00000, 0x0000000701a00000|100%| O|  |TAMS 0x0000000701800000, 0x0000000701800000| Untracked 
|   6|0x0000000701a00000, 0x0000000701aede00, 0x0000000701c00000| 46%| O|  |TAMS 0x0000000701a00000, 0x0000000701a00000| Untracked 
|   7|0x0000000701c00000, 0x0000000701c00000, 0x0000000701e00000|  0%| F|  |TAMS 0x0000000701c00000, 0x0000000701c00000| Untracked 
|   8|0x0000000701e00000, 0x0000000701e00000, 0x0000000702000000|  0%| F|  |TAMS 0x0000000701e00000, 0x0000000701e00000| Untracked 
|   9|0x0000000702000000, 0x00000007021f2358, 0x0000000702200000| 97%| S|CS|TAMS 0x0000000702000000, 0x0000000702000000| Complete 
|  10|0x0000000702200000, 0x0000000702400000, 0x0000000702400000|100%| S|CS|TAMS 0x0000000702200000, 0x0000000702200000| Complete 
|  11|0x0000000702400000, 0x0000000702400000, 0x0000000702600000|  0%| F|  |TAMS 0x0000000702400000, 0x0000000702400000| Untracked 
|  12|0x0000000702600000, 0x0000000702600000, 0x0000000702800000|  0%| F|  |TAMS 0x0000000702600000, 0x0000000702600000| Untracked 
|  13|0x0000000702800000, 0x0000000702800000, 0x0000000702a00000|  0%| F|  |TAMS 0x0000000702800000, 0x0000000702800000| Untracked 
|  14|0x0000000702a00000, 0x0000000702a00000, 0x0000000702c00000|  0%| F|  |TAMS 0x0000000702a00000, 0x0000000702a00000| Untracked 
|  15|0x0000000702c00000, 0x0000000702c00000, 0x0000000702e00000|  0%| F|  |TAMS 0x0000000702c00000, 0x0000000702c00000| Untracked 
|  16|0x0000000702e00000, 0x0000000702e00000, 0x0000000703000000|  0%| F|  |TAMS 0x0000000702e00000, 0x0000000702e00000| Untracked 
|  17|0x0000000703000000, 0x0000000703000000, 0x0000000703200000|  0%| F|  |TAMS 0x0000000703000000, 0x0000000703000000| Untracked 
|  18|0x0000000703200000, 0x0000000703200000, 0x0000000703400000|  0%| F|  |TAMS 0x0000000703200000, 0x0000000703200000| Untracked 
|  19|0x0000000703400000, 0x0000000703400000, 0x0000000703600000|  0%| F|  |TAMS 0x0000000703400000, 0x0000000703400000| Untracked 
|  20|0x0000000703600000, 0x0000000703600000, 0x0000000703800000|  0%| F|  |TAMS 0x0000000703600000, 0x0000000703600000| Untracked 
|  21|0x0000000703800000, 0x0000000703800000, 0x0000000703a00000|  0%| F|  |TAMS 0x0000000703800000, 0x0000000703800000| Untracked 
|  22|0x0000000703a00000, 0x0000000703a00000, 0x0000000703c00000|  0%| F|  |TAMS 0x0000000703a00000, 0x0000000703a00000| Untracked 
|  23|0x0000000703c00000, 0x0000000703c00000, 0x0000000703e00000|  0%| F|  |TAMS 0x0000000703c00000, 0x0000000703c00000| Untracked 
|  24|0x0000000703e00000, 0x0000000703e00000, 0x0000000704000000|  0%| F|  |TAMS 0x0000000703e00000, 0x0000000703e00000| Untracked 
|  25|0x0000000704000000, 0x0000000704000000, 0x0000000704200000|  0%| F|  |TAMS 0x0000000704000000, 0x0000000704000000| Untracked 
|  26|0x0000000704200000, 0x0000000704200000, 0x0000000704400000|  0%| F|  |TAMS 0x0000000704200000, 0x0000000704200000| Untracked 
|  27|0x0000000704400000, 0x0000000704400000, 0x0000000704600000|  0%| F|  |TAMS 0x0000000704400000, 0x0000000704400000| Untracked 
|  28|0x0000000704600000, 0x0000000704600000, 0x0000000704800000|  0%| F|  |TAMS 0x0000000704600000, 0x0000000704600000| Untracked 
|  29|0x0000000704800000, 0x0000000704800000, 0x0000000704a00000|  0%| F|  |TAMS 0x0000000704800000, 0x0000000704800000| Untracked 
|  30|0x0000000704a00000, 0x0000000704a00000, 0x0000000704c00000|  0%| F|  |TAMS 0x0000000704a00000, 0x0000000704a00000| Untracked 
|  31|0x0000000704c00000, 0x0000000704c00000, 0x0000000704e00000|  0%| F|  |TAMS 0x0000000704c00000, 0x0000000704c00000| Untracked 
|  32|0x0000000704e00000, 0x0000000704e00000, 0x0000000705000000|  0%| F|  |TAMS 0x0000000704e00000, 0x0000000704e00000| Untracked 
|  33|0x0000000705000000, 0x0000000705000000, 0x0000000705200000|  0%| F|  |TAMS 0x0000000705000000, 0x0000000705000000| Untracked 
|  34|0x0000000705200000, 0x0000000705200000, 0x0000000705400000|  0%| F|  |TAMS 0x0000000705200000, 0x0000000705200000| Untracked 
|  35|0x0000000705400000, 0x0000000705400000, 0x0000000705600000|  0%| F|  |TAMS 0x0000000705400000, 0x0000000705400000| Untracked 
|  36|0x0000000705600000, 0x0000000705600000, 0x0000000705800000|  0%| F|  |TAMS 0x0000000705600000, 0x0000000705600000| Untracked 
|  37|0x0000000705800000, 0x0000000705800000, 0x0000000705a00000|  0%| F|  |TAMS 0x0000000705800000, 0x0000000705800000| Untracked 
|  38|0x0000000705a00000, 0x0000000705a00000, 0x0000000705c00000|  0%| F|  |TAMS 0x0000000705a00000, 0x0000000705a00000| Untracked 
|  39|0x0000000705c00000, 0x0000000705c00000, 0x0000000705e00000|  0%| F|  |TAMS 0x0000000705c00000, 0x0000000705c00000| Untracked 
|  40|0x0000000705e00000, 0x0000000705e00000, 0x0000000706000000|  0%| F|  |TAMS 0x0000000705e00000, 0x0000000705e00000| Untracked 
|  41|0x0000000706000000, 0x0000000706000000, 0x0000000706200000|  0%| F|  |TAMS 0x0000000706000000, 0x0000000706000000| Untracked 
|  42|0x0000000706200000, 0x0000000706200000, 0x0000000706400000|  0%| F|  |TAMS 0x0000000706200000, 0x0000000706200000| Untracked 
|  43|0x0000000706400000, 0x0000000706400000, 0x0000000706600000|  0%| F|  |TAMS 0x0000000706400000, 0x0000000706400000| Untracked 
|  44|0x0000000706600000, 0x0000000706600000, 0x0000000706800000|  0%| F|  |TAMS 0x0000000706600000, 0x0000000706600000| Untracked 
|  45|0x0000000706800000, 0x0000000706800000, 0x0000000706a00000|  0%| F|  |TAMS 0x0000000706800000, 0x0000000706800000| Untracked 
|  46|0x0000000706a00000, 0x0000000706a00000, 0x0000000706c00000|  0%| F|  |TAMS 0x0000000706a00000, 0x0000000706a00000| Untracked 
|  47|0x0000000706c00000, 0x0000000706c00000, 0x0000000706e00000|  0%| F|  |TAMS 0x0000000706c00000, 0x0000000706c00000| Untracked 
|  48|0x0000000706e00000, 0x0000000706e00000, 0x0000000707000000|  0%| F|  |TAMS 0x0000000706e00000, 0x0000000706e00000| Untracked 
|  49|0x0000000707000000, 0x0000000707000000, 0x0000000707200000|  0%| F|  |TAMS 0x0000000707000000, 0x0000000707000000| Untracked 
|  50|0x0000000707200000, 0x0000000707200000, 0x0000000707400000|  0%| F|  |TAMS 0x0000000707200000, 0x0000000707200000| Untracked 
|  51|0x0000000707400000, 0x0000000707400000, 0x0000000707600000|  0%| F|  |TAMS 0x0000000707400000, 0x0000000707400000| Untracked 
|  52|0x0000000707600000, 0x0000000707600000, 0x0000000707800000|  0%| F|  |TAMS 0x0000000707600000, 0x0000000707600000| Untracked 
|  53|0x0000000707800000, 0x0000000707800000, 0x0000000707a00000|  0%| F|  |TAMS 0x0000000707800000, 0x0000000707800000| Untracked 
|  54|0x0000000707a00000, 0x0000000707a00000, 0x0000000707c00000|  0%| F|  |TAMS 0x0000000707a00000, 0x0000000707a00000| Untracked 
|  55|0x0000000707c00000, 0x0000000707c00000, 0x0000000707e00000|  0%| F|  |TAMS 0x0000000707c00000, 0x0000000707c00000| Untracked 
|  56|0x0000000707e00000, 0x0000000707e00000, 0x0000000708000000|  0%| F|  |TAMS 0x0000000707e00000, 0x0000000707e00000| Untracked 
|  57|0x0000000708000000, 0x0000000708200000, 0x0000000708200000|100%| E|  |TAMS 0x0000000708000000, 0x0000000708000000| Complete 
|  58|0x0000000708200000, 0x0000000708400000, 0x0000000708400000|100%| E|CS|TAMS 0x0000000708200000, 0x0000000708200000| Complete 
|  59|0x0000000708400000, 0x0000000708600000, 0x0000000708600000|100%| E|CS|TAMS 0x0000000708400000, 0x0000000708400000| Complete 
|  60|0x0000000708600000, 0x0000000708800000, 0x0000000708800000|100%| E|  |TAMS 0x0000000708600000, 0x0000000708600000| Complete 
|  61|0x0000000708800000, 0x0000000708a00000, 0x0000000708a00000|100%| E|CS|TAMS 0x0000000708800000, 0x0000000708800000| Complete 
|  62|0x0000000708a00000, 0x0000000708c00000, 0x0000000708c00000|100%| E|CS|TAMS 0x0000000708a00000, 0x0000000708a00000| Complete 
|  63|0x0000000708c00000, 0x0000000708e00000, 0x0000000708e00000|100%| E|CS|TAMS 0x0000000708c00000, 0x0000000708c00000| Complete 
|  64|0x0000000708e00000, 0x0000000709000000, 0x0000000709000000|100%| E|CS|TAMS 0x0000000708e00000, 0x0000000708e00000| Complete 
|  65|0x0000000709000000, 0x0000000709200000, 0x0000000709200000|100%| E|CS|TAMS 0x0000000709000000, 0x0000000709000000| Complete 
|  66|0x0000000709200000, 0x0000000709400000, 0x0000000709400000|100%| E|CS|TAMS 0x0000000709200000, 0x0000000709200000| Complete 
|  67|0x0000000709400000, 0x0000000709600000, 0x0000000709600000|100%| E|CS|TAMS 0x0000000709400000, 0x0000000709400000| Complete 
|  68|0x0000000709600000, 0x0000000709800000, 0x0000000709800000|100%| E|CS|TAMS 0x0000000709600000, 0x0000000709600000| Complete 
|  69|0x0000000709800000, 0x0000000709a00000, 0x0000000709a00000|100%| E|CS|TAMS 0x0000000709800000, 0x0000000709800000| Complete 
|  70|0x0000000709a00000, 0x0000000709c00000, 0x0000000709c00000|100%| E|CS|TAMS 0x0000000709a00000, 0x0000000709a00000| Complete 
| 107|0x000000070e400000, 0x000000070e600000, 0x000000070e600000|100%| E|CS|TAMS 0x000000070e400000, 0x000000070e400000| Complete 
| 108|0x000000070e600000, 0x000000070e800000, 0x000000070e800000|100%| E|CS|TAMS 0x000000070e600000, 0x000000070e600000| Complete 
| 127|0x0000000710c00000, 0x0000000710e00000, 0x0000000710e00000|100%| E|CS|TAMS 0x0000000710c00000, 0x0000000710c00000| Complete 

Card table byte_map: [0x000002797e070000,0x000002797e870000] _byte_map_base: 0x000002797a869000

Marking Bits (Prev, Next): (CMBitMap*) 0x000002797b5ba790, (CMBitMap*) 0x000002797b5ba7d0
 Prev Bits: [0x0000027917430000, 0x000002791b3f8000)
 Next Bits: [0x000002791b400000, 0x000002791f3c8000)

Polling page: 0x000002797b400000

Metaspace:

Usage:
  Non-class:     36.63 MB capacity,    36.45 MB (>99%) used,   140.63 KB ( <1%) free+waste,    47.88 KB ( <1%) overhead. 
      Class:      4.63 MB capacity,     4.53 MB ( 98%) used,    83.22 KB (  2%) free+waste,    15.94 KB ( <1%) overhead. 
       Both:     41.26 MB capacity,    40.98 MB (>99%) used,   223.84 KB ( <1%) free+waste,    63.81 KB ( <1%) overhead. 

Virtual space:
  Non-class space:       38.00 MB reserved,      36.83 MB ( 97%) committed 
      Class space:        1.00 GB reserved,       4.75 MB ( <1%) committed 
             Both:        1.04 GB reserved,      41.58 MB (  4%) committed 

Chunk freelists:
   Non-Class:  137.00 KB
       Class:  26.00 KB
        Both:  163.00 KB

MaxMetaspaceSize: 17179869184.00 GB
CompressedClassSpaceSize: 1.00 GB

CodeHeap 'non-profiled nmethods': size=120000Kb used=1899Kb max_used=1899Kb free=118100Kb
 bounds [0x000002790ff00000, 0x0000027910170000, 0x0000027917430000]
CodeHeap 'profiled nmethods': size=120000Kb used=8460Kb max_used=8460Kb free=111539Kb
 bounds [0x00000279089d0000, 0x0000027909220000, 0x000002790ff00000]
CodeHeap 'non-nmethods': size=5760Kb used=1855Kb max_used=1876Kb free=3904Kb
 bounds [0x0000027908430000, 0x00000279086a0000, 0x00000279089d0000]
 total_blobs=5607 nmethods=4422 adapters=1097
 compilation: enabled
              stopped_count=0, restarted_count=0
 full_count=0

Compilation events (20 events):
Event: 5.176 Thread 0x000002797fba2fb0 4407       3       java.lang.invoke.Invokers$Holder::invokeExact_MT (32 bytes)
Event: 5.176 Thread 0x000002797fba2fb0 nmethod 4407 0x0000027909210990 code [0x0000027909210ba0, 0x0000027909211558]
Event: 5.176 Thread 0x000002797fba2fb0 4413       3       java.lang.SecurityManager$$Lambda$252/0x0000000800fe3c98::accept (8 bytes)
Event: 5.176 Thread 0x000002797fba2fb0 nmethod 4413 0x0000027909211810 code [0x00000279092119e0, 0x0000027909211d28]
Event: 5.177 Thread 0x000002797fb974e0 4415       4       java.lang.invoke.MethodType::hashCode (53 bytes)
Event: 5.179 Thread 0x000002797fba2fb0 4416       3       jdk.internal.loader.ClassLoaders::bootLoader (4 bytes)
Event: 5.179 Thread 0x000002797fba2fb0 nmethod 4416 0x0000027909211e90 code [0x0000027909212020, 0x0000027909212118]
Event: 5.179 Thread 0x000002797fba2fb0 4417       1       org.apache.logging.log4j.core.impl.ThrowableProxyHelper$CacheEntry::access$100 (5 bytes)
Event: 5.179 Thread 0x000002797fba2fb0 nmethod 4417 0x00000279100da010 code [0x00000279100da1a0, 0x00000279100da238]
Event: 5.179 Thread 0x000002797fb974e0 nmethod 4415 0x00000279100da310 code [0x00000279100da4c0, 0x00000279100da718]
Event: 5.180 Thread 0x000002797fba2fb0 4418       3       org.apache.logging.log4j.core.pattern.PlainTextRenderer::render (7 bytes)
Event: 5.180 Thread 0x000002797fba2fb0 nmethod 4418 0x0000027909212190 code [0x0000027909212340, 0x00000279092124e8]
Event: 5.180 Thread 0x000002797fba2fb0 4419       3       java.lang.Integer::toString (55 bytes)
Event: 5.180 Thread 0x000002797fba2fb0 nmethod 4419 0x0000027909212610 code [0x00000279092127e0, 0x0000027909212b78]
Event: 5.180 Thread 0x000002797fba2fb0 4420       3       java.lang.StringBuilder::charAt (6 bytes)
Event: 5.180 Thread 0x000002797fba2fb0 nmethod 4420 0x0000027909212d10 code [0x0000027909212ec0, 0x0000027909213008]
Event: 5.180 Thread 0x000002797fba2fb0 4421       1       java.lang.StackTraceElement::getLineNumber (5 bytes)
Event: 5.181 Thread 0x000002797fba2fb0 nmethod 4421 0x00000279100da910 code [0x00000279100daaa0, 0x00000279100dab58]
Event: 5.181 Thread 0x000002797fba2fb0 4422       1       java.lang.StackTraceElement::getMethodName (5 bytes)
Event: 5.181 Thread 0x000002797fba2fb0 nmethod 4422 0x00000279100dac10 code [0x00000279100dada0, 0x00000279100dae58]

GC Heap History (20 events):
Event: 0.872 GC heap before
{Heap before GC invocations=0 (full 0):
 garbage-first heap   total 262144K, used 22528K [0x0000000700e00000, 0x0000000800000000)
  region size 2048K, 11 young (22528K), 0 survivors (0K)
 Metaspace       used 3522K, capacity 6085K, committed 6272K, reserved 1056768K
  class space    used 374K, capacity 599K, committed 640K, reserved 1048576K
}
Event: 0.875 GC heap after
{Heap after GC invocations=1 (full 0):
 garbage-first heap   total 262144K, used 3778K [0x0000000700e00000, 0x0000000800000000)
  region size 2048K, 2 young (4096K), 2 survivors (4096K)
 Metaspace       used 3522K, capacity 6085K, committed 6272K, reserved 1056768K
  class space    used 374K, capacity 599K, committed 640K, reserved 1048576K
}
Event: 1.269 GC heap before
{Heap before GC invocations=1 (full 0):
 garbage-first heap   total 262144K, used 32450K [0x0000000700e00000, 0x0000000800000000)
  region size 2048K, 17 young (34816K), 2 survivors (4096K)
 Metaspace       used 10793K, capacity 11043K, committed 11392K, reserved 1058816K
  class space    used 1225K, capacity 1301K, committed 1408K, reserved 1048576K
}
Event: 1.274 GC heap after
{Heap after GC invocations=2 (full 0):
 garbage-first heap   total 262144K, used 5677K [0x0000000700e00000, 0x0000000800000000)
  region size 2048K, 1 young (2048K), 1 survivors (2048K)
 Metaspace       used 10793K, capacity 11043K, committed 11392K, reserved 1058816K
  class space    used 1225K, capacity 1301K, committed 1408K, reserved 1048576K
}
Event: 1.849 GC heap before
{Heap before GC invocations=2 (full 0):
 garbage-first heap   total 262144K, used 40493K [0x0000000700e00000, 0x0000000800000000)
  region size 2048K, 19 young (38912K), 1 survivors (2048K)
 Metaspace       used 20866K, capacity 21105K, committed 21296K, reserved 1069056K
  class space    used 2262K, capacity 2349K, committed 2432K, reserved 1048576K
}
Event: 1.853 GC heap after
{Heap after GC invocations=3 (full 0):
 garbage-first heap   total 262144K, used 8826K [0x0000000700e00000, 0x0000000800000000)
  region size 2048K, 2 young (4096K), 2 survivors (4096K)
 Metaspace       used 20866K, capacity 21105K, committed 21296K, reserved 1069056K
  class space    used 2262K, capacity 2349K, committed 2432K, reserved 1048576K
}
Event: 2.037 GC heap before
{Heap before GC invocations=4 (full 0):
 garbage-first heap   total 40960K, used 29306K [0x0000000700e00000, 0x0000000800000000)
  region size 2048K, 12 young (24576K), 2 survivors (4096K)
 Metaspace       used 24448K, capacity 24689K, committed 25008K, reserved 1071104K
  class space    used 2665K, capacity 2733K, committed 2816K, reserved 1048576K
}
Event: 2.040 GC heap after
{Heap after GC invocations=5 (full 0):
 garbage-first heap   total 40960K, used 9665K [0x0000000700e00000, 0x0000000800000000)
  region size 2048K, 2 young (4096K), 2 survivors (4096K)
 Metaspace       used 24448K, capacity 24689K, committed 25008K, reserved 1071104K
  class space    used 2665K, capacity 2733K, committed 2816K, reserved 1048576K
}
Event: 2.176 GC heap before
{Heap before GC invocations=5 (full 0):
 garbage-first heap   total 40960K, used 28097K [0x0000000700e00000, 0x0000000800000000)
  region size 2048K, 11 young (22528K), 2 survivors (4096K)
 Metaspace       used 27596K, capacity 27863K, committed 28208K, reserved 1075200K
  class space    used 3047K, capacity 3151K, committed 3200K, reserved 1048576K
}
Event: 2.179 GC heap after
{Heap after GC invocations=6 (full 0):
 garbage-first heap   total 40960K, used 10299K [0x0000000700e00000, 0x0000000800000000)
  region size 2048K, 1 young (2048K), 1 survivors (2048K)
 Metaspace       used 27596K, capacity 27863K, committed 28208K, reserved 1075200K
  class space    used 3047K, capacity 3151K, committed 3200K, reserved 1048576K
}
Event: 2.347 GC heap before
{Heap before GC invocations=6 (full 0):
 garbage-first heap   total 40960K, used 26683K [0x0000000700e00000, 0x0000000800000000)
  region size 2048K, 10 young (20480K), 1 survivors (2048K)
 Metaspace       used 30464K, capacity 30717K, committed 31152K, reserved 1077248K
  class space    used 3402K, capacity 3505K, committed 3584K, reserved 1048576K
}
Event: 2.350 GC heap after
{Heap after GC invocations=7 (full 0):
 garbage-first heap   total 40960K, used 10810K [0x0000000700e00000, 0x0000000800000000)
  region size 2048K, 1 young (2048K), 1 survivors (2048K)
 Metaspace       used 30464K, capacity 30717K, committed 31152K, reserved 1077248K
  class space    used 3402K, capacity 3505K, committed 3584K, reserved 1048576K
}
Event: 2.533 GC heap before
{Heap before GC invocations=7 (full 0):
 garbage-first heap   total 40960K, used 27194K [0x0000000700e00000, 0x0000000800000000)
  region size 2048K, 10 young (20480K), 1 survivors (2048K)
 Metaspace       used 32615K, capacity 32931K, committed 33200K, reserved 1079296K
  class space    used 3671K, capacity 3794K, committed 3840K, reserved 1048576K
}
Event: 2.536 GC heap after
{Heap after GC invocations=8 (full 0):
 garbage-first heap   total 40960K, used 12865K [0x0000000700e00000, 0x0000000800000000)
  region size 2048K, 2 young (4096K), 2 survivors (4096K)
 Metaspace       used 32615K, capacity 32931K, committed 33200K, reserved 1079296K
  class space    used 3671K, capacity 3794K, committed 3840K, reserved 1048576K
}
Event: 2.781 GC heap before
{Heap before GC invocations=8 (full 0):
 garbage-first heap   total 40960K, used 25153K [0x0000000700e00000, 0x0000000800000000)
  region size 2048K, 10 young (20480K), 2 survivors (4096K)
 Metaspace       used 35456K, capacity 35745K, committed 35920K, reserved 1081344K
  class space    used 3971K, capacity 4090K, committed 4096K, reserved 1048576K
}
Event: 2.785 GC heap after
{Heap after GC invocations=9 (full 0):
 garbage-first heap   total 40960K, used 14075K [0x0000000700e00000, 0x0000000800000000)
  region size 2048K, 2 young (4096K), 2 survivors (4096K)
 Metaspace       used 35456K, capacity 35745K, committed 35920K, reserved 1081344K
  class space    used 3971K, capacity 4090K, committed 4096K, reserved 1048576K
}
Event: 3.079 GC heap before
{Heap before GC invocations=10 (full 0):
 garbage-first heap   total 40960K, used 26363K [0x0000000700e00000, 0x0000000800000000)
  region size 2048K, 9 young (18432K), 2 survivors (4096K)
 Metaspace       used 37771K, capacity 38093K, committed 38480K, reserved 1083392K
  class space    used 4205K, capacity 4316K, committed 4352K, reserved 1048576K
}
Event: 3.082 GC heap after
{Heap after GC invocations=11 (full 0):
 garbage-first heap   total 40960K, used 14883K [0x0000000700e00000, 0x0000000800000000)
  region size 2048K, 1 young (2048K), 1 survivors (2048K)
 Metaspace       used 37771K, capacity 38093K, committed 38480K, reserved 1083392K
  class space    used 4205K, capacity 4316K, committed 4352K, reserved 1048576K
}
Event: 3.350 GC heap before
{Heap before GC invocations=11 (full 0):
 garbage-first heap   total 40960K, used 31267K [0x0000000700e00000, 0x0000000800000000)
  region size 2048K, 9 young (18432K), 1 survivors (2048K)
 Metaspace       used 40115K, capacity 40415K, committed 40784K, reserved 1085440K
  class space    used 4473K, capacity 4578K, committed 4608K, reserved 1048576K
}
Event: 3.354 GC heap after
{Heap after GC invocations=12 (full 0):
 garbage-first heap   total 151552K, used 16888K [0x0000000700e00000, 0x0000000800000000)
  region size 2048K, 2 young (4096K), 2 survivors (4096K)
 Metaspace       used 40115K, capacity 40415K, committed 40784K, reserved 1085440K
  class space    used 4473K, capacity 4578K, committed 4608K, reserved 1048576K
}

Deoptimization events (20 events):
Event: 4.864 Thread 0x00000279228a5e00 Uncommon trap: trap_request=0xffffffde fr.pc=0x00000279100b997c relative=0x0000000000000bfc
Event: 4.864 Thread 0x00000279228a5e00 Uncommon trap: reason=class_check action=maybe_recompile pc=0x00000279100b997c method=androidx.compose.ui.node.PointerInputDelegatingWrapper.hitTest-3MmeM6k(JLjava/util/List;)V @ 55 c2
Event: 4.864 Thread 0x00000279228a5e00 DEOPT PACKING pc=0x00000279100b997c sp=0x000000db8e1fd670
Event: 4.864 Thread 0x00000279228a5e00 DEOPT UNPACKING pc=0x000002790847e42f sp=0x000000db8e1fd688 mode 2
Event: 5.169 Thread 0x00000279228a5e00 DEOPT PACKING pc=0x0000027908e4e234 sp=0x000000db8e1fba60
Event: 5.169 Thread 0x00000279228a5e00 DEOPT UNPACKING pc=0x000002790847e23f sp=0x000000db8e1faf48 mode 1
Event: 5.169 Thread 0x00000279228a5e00 DEOPT PACKING pc=0x0000027908f1d9cc sp=0x000000db8e1fbb30
Event: 5.169 Thread 0x00000279228a5e00 DEOPT UNPACKING pc=0x000002790847e23f sp=0x000000db8e1faf70 mode 1
Event: 5.169 Thread 0x00000279228a5e00 DEOPT PACKING pc=0x0000027909054eac sp=0x000000db8e1fc530
Event: 5.169 Thread 0x00000279228a5e00 DEOPT UNPACKING pc=0x000002790847e23f sp=0x000000db8e1fba78 mode 1
Event: 5.169 Thread 0x00000279228a5e00 DEOPT PACKING pc=0x000002790917777c sp=0x000000db8e1fdce0
Event: 5.169 Thread 0x00000279228a5e00 DEOPT UNPACKING pc=0x000002790847e23f sp=0x000000db8e1fd188 mode 1
Event: 5.169 Thread 0x00000279228a5e00 DEOPT PACKING pc=0x0000027909155164 sp=0x000000db8e1fdd30
Event: 5.169 Thread 0x00000279228a5e00 DEOPT UNPACKING pc=0x000002790847e23f sp=0x000000db8e1fd298 mode 1
Event: 5.169 Thread 0x00000279228a5e00 DEOPT PACKING pc=0x00000279090e6afc sp=0x000000db8e1fea70
Event: 5.169 Thread 0x00000279228a5e00 DEOPT UNPACKING pc=0x000002790847e23f sp=0x000000db8e1fdfb0 mode 1
Event: 5.179 Thread 0x00000279228a5e00 Uncommon trap: trap_request=0xffffff45 fr.pc=0x000002790ff6d7a4 relative=0x00000000000000a4
Event: 5.179 Thread 0x00000279228a5e00 Uncommon trap: reason=unstable_if action=reinterpret pc=0x000002790ff6d7a4 method=java.lang.CharacterDataLatin1.isWhitespace(I)Z @ 14 c2
Event: 5.179 Thread 0x00000279228a5e00 DEOPT PACKING pc=0x000002790ff6d7a4 sp=0x000000db8e1fd6e0
Event: 5.179 Thread 0x00000279228a5e00 DEOPT UNPACKING pc=0x000002790847e42f sp=0x000000db8e1fd670 mode 2

Classes unloaded (0 events):
No events

Classes redefined (0 events):
No events

Internal exceptions (20 events):
Event: 1.723 Thread 0x00000279228a5e00 Exception <a 'java/lang/ClassNotFoundException'{0x000000070f28c7c8}: com/sun/swing/internal/plaf/basic/resources/spi/basicProvider> (0x000000070f28c7c8) 
thrown [./src/hotspot/share/classfile/systemDictionary.cpp, line 295]
Event: 1.729 Thread 0x00000279228a5e00 Implicit null exception at 0x000002790ff6b175 to 0x000002790ff6b3cc
Event: 1.729 Thread 0x00000279228a5e00 Implicit null exception at 0x000002790ff44575 to 0x000002790ff447d4
Event: 1.827 Thread 0x00000279228a5e00 Exception <a 'java/lang/NoSuchMethodError'{0x000000070edd25c8}: 'void java.lang.invoke.DirectMethodHandle$Holder.invokeStaticInit(java.lang.Object)'> (0x000000070edd25c8) 
thrown [./src/hotspot/share/interpreter/linkResolver.cpp, line 782]
Event: 2.046 Thread 0x000002792287af00 Implicit null exception at 0x000002790ff38975 to 0x000002790ff39074
Event: 2.052 Thread 0x000002792287af00 Exception <a 'java/lang/UnsatisfiedLinkError'{0x000000070e600a18}: The specified procedure could not be found.
> (0x000000070e600a18) 
thrown [./src/hotspot/share/prims/jni.cpp, line 599]
Event: 2.059 Thread 0x000002792287af00 Implicit null exception at 0x000002790ff350f5 to 0x000002790ff357ec
Event: 2.064 Thread 0x000002792287af00 Exception <a 'java/lang/UnsatisfiedLinkError'{0x000000070e7b65f8}: The specified procedure could not be found.
> (0x000000070e7b65f8) 
thrown [./src/hotspot/share/prims/jni.cpp, line 599]
Event: 2.102 Thread 0x000002792287a560 Exception <a 'java/lang/NoClassDefFoundError'{0x0000000702ea2a10}: org/slf4j/impl/StaticLoggerBinder> (0x0000000702ea2a10) 
thrown [./src/hotspot/share/classfile/systemDictionary.cpp, line 284]
Event: 3.300 Thread 0x0000027930cb01b0 Exception <a 'java/lang/NoSuchMethodError'{0x00000007029bc450}: 'void java.lang.invoke.DirectMethodHandle$Holder.invokeStatic(java.lang.Object, long)'> (0x00000007029bc450) 
thrown [./src/hotspot/share/interpreter/linkResolver.cpp, line 782]
Event: 3.300 Thread 0x0000027930cb01b0 Exception <a 'java/lang/NoSuchMethodError'{0x00000007029c1a80}: 'java.lang.Object java.lang.invoke.DirectMethodHandle$Holder.newInvokeSpecial(java.lang.Object, long)'> (0x00000007029c1a80) 
thrown [./src/hotspot/share/interpreter/linkResolver.cpp, line 782]
Event: 3.302 Thread 0x0000027930cb01b0 Exception <a 'java/lang/NoSuchMethodError'{0x00000007029f8990}: 'java.lang.Object java.lang.invoke.DirectMethodHandle$Holder.invokeStatic(java.lang.Object, java.lang.Object, long, java.lang.Object)'> (0x00000007029f8990) 
thrown [./src/hotspot/share/interpreter/linkResolver.cpp, line 782]
Event: 3.302 Thread 0x0000027930cb01b0 Exception <a 'java/lang/NoSuchMethodError'{0x00000007029fc630}: 'java.lang.Object java.lang.invoke.DirectMethodHandle$Holder.invokeStaticInit(java.lang.Object, java.lang.Object, long, java.lang.Object)'> (0x00000007029fc630) 
thrown [./src/hotspot/share/interpreter/linkResolver.cpp, line 782]
Event: 3.303 Thread 0x0000027930cb01b0 Exception <a 'java/lang/NoSuchMethodError'{0x0000000702403500}: 'java.lang.Object java.lang.invoke.DirectMethodHandle$Holder.newInvokeSpecial(java.lang.Object, java.lang.Object, long)'> (0x0000000702403500) 
thrown [./src/hotspot/share/interpreter/linkResolver.cpp, line 782]
Event: 3.303 Thread 0x0000027930cb01b0 Exception <a 'java/lang/NoSuchMethodError'{0x0000000702407270}: 'java.lang.Object java.lang.invoke.Invokers$Holder.linkToTargetMethod(java.lang.Object, long, java.lang.Object)'> (0x0000000702407270) 
thrown [./src/hotspot/share/interpreter/linkResolver.cpp, line 782]
Event: 3.552 Thread 0x00000279228a5e00 Exception <a 'java/lang/NoSuchMethodError'{0x0000000709bc59f8}: 'void java.lang.invoke.DirectMethodHandle$Holder.invokeStatic(java.lang.Object, java.lang.Object, java.lang.Object, java.lang.Object)'> (0x0000000709bc59f8) 
thrown [./src/hotspot/share/interpreter/linkResolver.cpp, line 782]
Event: 5.172 Thread 0x00000279228a5e00 Exception <a 'java/lang/NoSuchMethodError'{0x0000000708150c60}: 'int java.lang.invoke.DirectMethodHandle$Holder.invokeStatic(java.lang.Object, java.lang.Object, java.lang.Object, java.lang.Object)'> (0x0000000708150c60) 
thrown [./src/hotspot/share/interpreter/linkResolver.cpp, line 782]
Event: 5.173 Thread 0x00000279228a5e00 Exception <a 'java/lang/NoSuchMethodError'{0x0000000708154db0}: 'int java.lang.invoke.DirectMethodHandle$Holder.invokeStaticInit(java.lang.Object, java.lang.Object, java.lang.Object, java.lang.Object)'> (0x0000000708154db0) 
thrown [./src/hotspot/share/interpreter/linkResolver.cpp, line 782]
Event: 5.173 Thread 0x00000279228a5e00 Exception <a 'java/lang/IncompatibleClassChangeError'{0x000000070815ead0}: Found class java.lang.Object, but interface was expected> (0x000000070815ead0) 
thrown [./src/hotspot/share/interpreter/linkResolver.cpp, line 848]
Event: 5.174 Thread 0x00000279228a5e00 Exception <a 'java/lang/NoSuchMethodError'{0x0000000708164648}: 'int java.lang.invoke.DirectMethodHandle$Holder.invokeStaticInit(java.lang.Object, java.lang.Object)'> (0x0000000708164648) 
thrown [./src/hotspot/share/interpreter/linkResolver.cpp, line 782]

Events (20 events):
Event: 5.171 loading class org/apache/logging/log4j/core/impl/ThrowableProxy
Event: 5.171 loading class org/apache/logging/log4j/core/impl/ThrowableProxy done
Event: 5.172 loading class org/apache/logging/log4j/util/PrivateSecurityManagerStackTraceUtil
Event: 5.172 loading class org/apache/logging/log4j/util/PrivateSecurityManagerStackTraceUtil done
Event: 5.172 loading class org/apache/logging/log4j/util/PrivateSecurityManagerStackTraceUtil$PrivateSecurityManager
Event: 5.172 loading class org/apache/logging/log4j/util/PrivateSecurityManagerStackTraceUtil$PrivateSecurityManager done
Event: 5.176 loading class org/apache/logging/log4j/core/impl/ThrowableProxyHelper
Event: 5.176 loading class org/apache/logging/log4j/core/impl/ThrowableProxyHelper done
Event: 5.177 loading class org/apache/logging/log4j/core/impl/ExtendedStackTraceElement
Event: 5.177 loading class org/apache/logging/log4j/core/impl/ExtendedStackTraceElement done
Event: 5.177 loading class java/security/AllPermissionCollection
Event: 5.177 loading class java/security/AllPermissionCollection done
Event: 5.177 loading class jdk/internal/loader/BootLoader$PackageHelper
Event: 5.177 loading class jdk/internal/loader/BootLoader$PackageHelper done
Event: 5.178 loading class org/apache/logging/log4j/core/impl/ThrowableProxyHelper$CacheEntry
Event: 5.178 loading class org/apache/logging/log4j/core/impl/ThrowableProxyHelper$CacheEntry done
Event: 5.178 loading class org/apache/logging/log4j/core/impl/ExtendedClassInfo
Event: 5.178 loading class org/apache/logging/log4j/core/impl/ExtendedClassInfo done
Event: 5.179 loading class org/apache/logging/log4j/core/impl/ThrowableProxyRenderer
Event: 5.179 loading class org/apache/logging/log4j/core/impl/ThrowableProxyRenderer done


Dynamic libraries:
0x00007ff657fa0000 - 0x00007ff657fad000 	C:\Program Files\Java\jdk15.0.1_9\bin\java.exe
0x00007ff932df0000 - 0x00007ff932fe5000 	C:\WINDOWS\SYSTEM32\ntdll.dll
0x00007ff931c80000 - 0x00007ff931d3d000 	C:\WINDOWS\System32\KERNEL32.DLL
0x00007ff9306e0000 - 0x00007ff9309a8000 	C:\WINDOWS\System32\KERNELBASE.dll
0x00007ff930d00000 - 0x00007ff930e00000 	C:\WINDOWS\System32\ucrtbase.dll
0x00007ff921820000 - 0x00007ff921838000 	C:\Program Files\Java\jdk15.0.1_9\bin\jli.dll
0x00007ff9273f0000 - 0x00007ff927405000 	C:\Program Files\Java\jdk15.0.1_9\bin\VCRUNTIME140.dll
0x00007ff9319b0000 - 0x00007ff931b50000 	C:\WINDOWS\System32\USER32.dll
0x00007ff930530000 - 0x00007ff930552000 	C:\WINDOWS\System32\win32u.dll
0x00007ff91f520000 - 0x00007ff91f7ba000 	C:\WINDOWS\WinSxS\amd64_microsoft.windows.common-controls_6595b64144ccf1df_6.0.19041.844_none_ca00b6081b84eb1d\COMCTL32.dll
0x00007ff930e50000 - 0x00007ff930e7a000 	C:\WINDOWS\System32\GDI32.dll
0x00007ff932c20000 - 0x00007ff932cbe000 	C:\WINDOWS\System32\msvcrt.dll
0x00007ff930bf0000 - 0x00007ff930cfb000 	C:\WINDOWS\System32\gdi32full.dll
0x00007ff930560000 - 0x00007ff9305fd000 	C:\WINDOWS\System32\msvcp_win.dll
0x00007ff932890000 - 0x00007ff9328c0000 	C:\WINDOWS\System32\IMM32.DLL
0x00007ff911be0000 - 0x00007ff911c7b000 	C:\Program Files\Java\jdk15.0.1_9\bin\msvcp140.dll
0x00007ff8b4cd0000 - 0x00007ff8b585e000 	C:\Program Files\Java\jdk15.0.1_9\bin\server\jvm.dll
0x00007ff9316a0000 - 0x00007ff93174c000 	C:\WINDOWS\System32\ADVAPI32.dll
0x00007ff931750000 - 0x00007ff9317eb000 	C:\WINDOWS\System32\sechost.dll
0x00007ff931b50000 - 0x00007ff931c7b000 	C:\WINDOWS\System32\RPCRT4.dll
0x00007ff932da0000 - 0x00007ff932da8000 	C:\WINDOWS\System32\PSAPI.DLL
0x00007ff92dd30000 - 0x00007ff92dd39000 	C:\WINDOWS\SYSTEM32\WSOCK32.dll
0x00007ff923370000 - 0x00007ff923397000 	C:\WINDOWS\SYSTEM32\WINMM.dll
0x00007ff92a0a0000 - 0x00007ff92a0aa000 	C:\WINDOWS\SYSTEM32\VERSION.dll
0x00007ff932000000 - 0x00007ff93206b000 	C:\WINDOWS\System32\WS2_32.dll
0x00007ff92ee20000 - 0x00007ff92ee32000 	C:\WINDOWS\SYSTEM32\kernel.appcore.dll
0x00007ff926670000 - 0x00007ff92667a000 	C:\Program Files\Java\jdk15.0.1_9\bin\jimage.dll
0x00007ff91eb90000 - 0x00007ff91ed74000 	C:\WINDOWS\SYSTEM32\DBGHELP.DLL
0x00007ff91dfb0000 - 0x00007ff91dfdc000 	C:\WINDOWS\SYSTEM32\dbgcore.DLL
0x00007ff930a10000 - 0x00007ff930a90000 	C:\WINDOWS\System32\bcryptPrimitives.dll
0x00007ff921750000 - 0x00007ff921788000 	C:\Program Files\Java\jdk15.0.1_9\bin\jdwp.dll
0x00007ff926270000 - 0x00007ff92627e000 	C:\Program Files\Java\jdk15.0.1_9\bin\instrument.dll
0x00007ff913a50000 - 0x00007ff913a75000 	C:\Program Files\Java\jdk15.0.1_9\bin\java.dll
0x00007ff932140000 - 0x00007ff932882000 	C:\WINDOWS\System32\SHELL32.dll
0x00007ff92e670000 - 0x00007ff92ee01000 	C:\WINDOWS\SYSTEM32\windows.storage.dll
0x00007ff9328c0000 - 0x00007ff932c15000 	C:\WINDOWS\System32\combase.dll
0x00007ff92ffa0000 - 0x00007ff92ffcc000 	C:\WINDOWS\SYSTEM32\Wldp.dll
0x00007ff931da0000 - 0x00007ff931e4e000 	C:\WINDOWS\System32\SHCORE.dll
0x00007ff931d40000 - 0x00007ff931d95000 	C:\WINDOWS\System32\shlwapi.dll
0x00007ff930470000 - 0x00007ff93048f000 	C:\WINDOWS\SYSTEM32\profapi.dll
0x00007ff91c7e0000 - 0x00007ff91c7ea000 	C:\Program Files\Java\jdk15.0.1_9\bin\dt_socket.dll
0x00007ff92f9b0000 - 0x00007ff92f9eb000 	C:\WINDOWS\SYSTEM32\IPHLPAPI.DLL
0x00007ff92fd10000 - 0x00007ff92fd7a000 	C:\WINDOWS\system32\mswsock.dll
0x00007ff9139a0000 - 0x00007ff9139b8000 	C:\Program Files\Java\jdk15.0.1_9\bin\zip.dll
0x00007ff919e90000 - 0x00007ff919ea9000 	C:\Program Files\Java\jdk15.0.1_9\bin\net.dll
0x00007ff92b110000 - 0x00007ff92b21b000 	C:\WINDOWS\SYSTEM32\WINHTTP.dll
0x00007ff9139c0000 - 0x00007ff9139d2000 	C:\Program Files\Java\jdk15.0.1_9\bin\nio.dll
0x00007ff9210c0000 - 0x00007ff9210c9000 	C:\Program Files\Java\jdk15.0.1_9\bin\management.dll
0x00007ff91df10000 - 0x00007ff91df1b000 	C:\Program Files\Java\jdk15.0.1_9\bin\management_ext.dll
0x00007ff9261a0000 - 0x00007ff9261b0000 	C:\Program Files\Java\jdk15.0.1_9\bin\verify.dll
0x00007ff91c0c0000 - 0x00007ff91c0d7000 	C:\WINDOWS\system32\napinsp.dll
0x00007ff91bde0000 - 0x00007ff91bdfb000 	C:\WINDOWS\system32\pnrpnsp.dll
0x00007ff91bc80000 - 0x00007ff91bc95000 	C:\WINDOWS\system32\wshbth.dll
0x00007ff92bf30000 - 0x00007ff92bf4d000 	C:\WINDOWS\system32\NLAapi.dll
0x00007ff92f9f0000 - 0x00007ff92fabc000 	C:\WINDOWS\SYSTEM32\DNSAPI.dll
0x00007ff9317f0000 - 0x00007ff9317f8000 	C:\WINDOWS\System32\NSI.dll
0x00007ff91bbb0000 - 0x00007ff91bbc2000 	C:\WINDOWS\System32\winrnr.dll
0x00007ff921270000 - 0x00007ff92127a000 	C:\Windows\System32\rasadhlp.dll
0x00007ff921310000 - 0x00007ff92138f000 	C:\WINDOWS\System32\fwpuclnt.dll
0x00007ff930600000 - 0x00007ff930627000 	C:\WINDOWS\System32\bcrypt.dll
0x00007ff8d5080000 - 0x00007ff8d5218000 	C:\Program Files\Java\jdk15.0.1_9\bin\awt.dll
0x00007ff930ee0000 - 0x00007ff930fad000 	C:\WINDOWS\System32\OLEAUT32.dll
0x00007ff92dd50000 - 0x00007ff92dde0000 	C:\WINDOWS\SYSTEM32\apphelp.dll
0x00007ff92def0000 - 0x00007ff92df8e000 	C:\WINDOWS\system32\uxtheme.dll
0x00007ff931800000 - 0x00007ff931915000 	C:\WINDOWS\System32\MSCTF.dll
0x00007ff931e50000 - 0x00007ff931f7a000 	C:\WINDOWS\System32\ole32.dll
0x00007ff92fee0000 - 0x00007ff92fef8000 	C:\WINDOWS\SYSTEM32\CRYPTSP.dll
0x00007ff92f640000 - 0x00007ff92f674000 	C:\WINDOWS\system32\rsaenh.dll
0x00007ff930430000 - 0x00007ff93045e000 	C:\WINDOWS\SYSTEM32\USERENV.dll
0x00007ff92ff00000 - 0x00007ff92ff0c000 	C:\WINDOWS\SYSTEM32\CRYPTBASE.dll
0x00007ff92a0b0000 - 0x00007ff92a0c7000 	C:\WINDOWS\SYSTEM32\dhcpcsvc6.DLL
0x00007ff92a080000 - 0x00007ff92a09d000 	C:\WINDOWS\SYSTEM32\dhcpcsvc.DLL
0x00007ff92e1c0000 - 0x00007ff92e1ef000 	C:\WINDOWS\system32\DWMAPI.DLL
0x00007ff911620000 - 0x00007ff911746000 	C:\WINDOWS\system32\opengl32.dll
0x00007ff91d6a0000 - 0x00007ff91d6cc000 	C:\WINDOWS\SYSTEM32\GLU32.dll
0x00007ff9269f0000 - 0x00007ff926bbe000 	C:\WINDOWS\system32\d3d9.dll
0x00007ff9272a0000 - 0x00007ff9273a2000 	C:\WINDOWS\System32\DriverStore\FileRepository\nv_dispi.inf_amd64_7ad69efe14475762\nvldumdx.dll
0x00007ff930120000 - 0x00007ff930132000 	C:\WINDOWS\SYSTEM32\msasn1.dll
0x00007ff92a040000 - 0x00007ff92a071000 	C:\WINDOWS\SYSTEM32\cryptnet.dll
0x00007ff930a90000 - 0x00007ff930bef000 	C:\WINDOWS\System32\CRYPT32.dll
0x00007ff9309b0000 - 0x00007ff930a10000 	C:\WINDOWS\System32\WINTRUST.DLL
0x00007ff932070000 - 0x00007ff93208d000 	C:\WINDOWS\System32\imagehlp.dll
0x00007ff8aad30000 - 0x00007ff8ac74c000 	C:\WINDOWS\System32\DriverStore\FileRepository\nv_dispi.inf_amd64_7ad69efe14475762\nvd3dumx.dll
0x00007ff8fa5c0000 - 0x00007ff8fa87e000 	C:\WINDOWS\system32\nvspcap64.dll
0x00007ff92f270000 - 0x00007ff92f2a3000 	C:\WINDOWS\SYSTEM32\ntmarta.dll
0x00007ff92ee40000 - 0x00007ff92ee63000 	C:\WINDOWS\SYSTEM32\gpapi.dll
0x00007ff927760000 - 0x00007ff92779b000 	C:\WINDOWS\SYSTEM32\dxcore.dll
0x00007ff930e00000 - 0x00007ff930e4e000 	C:\WINDOWS\System32\cfgmgr32.dll
0x00007ff8a9e30000 - 0x00007ff8aad2b000 	C:\Users\gramb\.skiko\4b18576ecdba3d735df186acfbedb968b4cbcac52802775fb3b6412210dc0d10\skiko-windows-x64.dll
0x00007ff911b50000 - 0x00007ff911bd2000 	C:\Program Files\Java\jdk15.0.1_9\bin\freetype.dll
0x00007ff8d4fd0000 - 0x00007ff8d5076000 	C:\Program Files\Java\jdk15.0.1_9\bin\fontmanager.dll
0x00007ff91c070000 - 0x00007ff91c077000 	C:\Program Files\Java\jdk15.0.1_9\bin\jawt.dll
0x00007ff914830000 - 0x00007ff914aaf000 	C:\WINDOWS\SYSTEM32\dwrite.dll
0x00007ff913a90000 - 0x00007ff913ad1000 	C:\Users\gramb\AppData\Local\Temp\jna--1218267153\jna7625253106706962682.dll
0x00007ff927460000 - 0x00007ff927559000 	C:\WINDOWS\SYSTEM32\textinputframework.dll
0x00007ff92da30000 - 0x00007ff92db22000 	C:\WINDOWS\System32\CoreMessaging.dll
0x00007ff92d6d0000 - 0x00007ff92da2e000 	C:\WINDOWS\System32\CoreUIComponents.dll
0x00007ff92d000000 - 0x00007ff92d154000 	C:\WINDOWS\SYSTEM32\wintypes.dll
0x00007ff92ee70000 - 0x00007ff92ef63000 	C:\WINDOWS\SYSTEM32\Dxgi.dll
0x00007ff914120000 - 0x00007ff914140000 	C:\WINDOWS\SYSTEM32\D3D12.dll
0x00007ff8d4b90000 - 0x00007ff8d4d5d000 	C:\WINDOWS\SYSTEM32\D3D12Core.dll
0x00007ff8fcf20000 - 0x00007ff8ff9e1000 	C:\WINDOWS\System32\DriverStore\FileRepository\nv_dispi.inf_amd64_7ad69efe14475762\nvwgf2umx.dll
0x00007ff913a20000 - 0x00007ff913a4b000 	C:\WINDOWS\SYSTEM32\D3DSCache.dll
0x00007ff92a110000 - 0x00007ff92a311000 	C:\WINDOWS\SYSTEM32\twinapi.appcore.dll
0x00007ff92d160000 - 0x00007ff92d345000 	C:\WINDOWS\SYSTEM32\dcomp.dll
0x00007ff92ca60000 - 0x00007ff92cebd000 	C:\WINDOWS\SYSTEM32\d3dcompiler_47.dll
0x0000000067740000 - 0x0000000067818000 	C:\Users\gramb\AppData\Local\Temp\sqlite-3.34.0-11be1d16-f412-4765-b3d3-df3a91a55247-sqlitejdbc.dll

dbghelp: loaded successfully - version: 4.0.5 - missing functions: none
symbol engine: initialized successfully - sym options: 0x614 - pdb path: .;C:\Program Files\Java\jdk15.0.1_9\bin;C:\WINDOWS\SYSTEM32;C:\WINDOWS\WinSxS\amd64_microsoft.windows.common-controls_6595b64144ccf1df_6.0.19041.844_none_ca00b6081b84eb1d;C:\Program Files\Java\jdk15.0.1_9\bin\server;C:\WINDOWS\System32\DriverStore\FileRepository\nv_dispi.inf_amd64_7ad69efe14475762;C:\Users\gramb\.skiko\4b18576ecdba3d735df186acfbedb968b4cbcac52802775fb3b6412210dc0d10;C:\Users\gramb\AppData\Local\Temp\jna--1218267153;C:\Users\gramb\AppData\Local\Temp

VM Arguments:
jvm_args: -agentlib:jdwp=transport=dt_socket,address=127.0.0.1:65332,suspend=y,server=n -Dkotlinx.coroutines.debug -javaagent:C:\Users\gramb\.gradle\caches\modules-2\files-2.1\org.jetbrains.kotlinx\kotlinx-coroutines-core-jvm\1.5.0\d8cebccdcddd029022aa8646a5a953ff88b13ac8\kotlinx-coroutines-core-jvm-1.5.0.jar -javaagent:C:\Users\gramb\AppData\Local\JetBrains\IntelliJIdea2021.1\captureAgent\debugger-agent.jar -Dfile.encoding=UTF-8 
java_command: io.grimlocations.MainKt
java_class_path (initial): C:\my_workspace\grim-locations\build\classes\kotlin\main;C:\my_workspace\grim-locations\build\resources\main;C:\Users\gramb\.gradle\caches\modules-2\files-2.1\org.jetbrains.exposed\exposed-java-time\0.31.1\cf0fc6f935581939e3ebb112f69e614c40964091\exposed-java-time-0.31.1.jar;C:\Users\gramb\.gradle\caches\modules-2\files-2.1\org.jetbrains.exposed\exposed-dao\0.31.1\68bc1f59d0a333088934d85a8c8ae0d906005de7\exposed-dao-0.31.1.jar;C:\Users\gramb\.gradle\caches\modules-2\files-2.1\org.jetbrains.exposed\exposed-jdbc\0.31.1\682c54eafff4eaba856f04836c334b80c6482a33\exposed-jdbc-0.31.1.jar;C:\Users\gramb\.gradle\caches\modules-2\files-2.1\org.jetbrains.exposed\exposed-core\0.31.1\4e90b3c1dea8f31597d0777fe0bf6ec953b1f7c8\exposed-core-0.31.1.jar;C:\Users\gramb\.gradle\caches\modules-2\files-2.1\org.jetbrains.kotlin\kotlin-stdlib-jdk8\1.5.10\3f4af7aff21c4ec46e3cdd645639d0a63a68d3d0\kotlin-stdlib-jdk8-1.5.10.jar;C:\Users\gramb\.gradle\caches\modules-2\files-2.1\org.apache.logging.log4j\log4j-core\2.14.0\e257b0562453f73eabac1bc3181ba33e79d193ed\log4j-core-2.14.0.jar;C:\Users\gramb\.gradle\caches\modules-2\files-2.1\org.apache.logging.log4j\log4j-api\2.14.0\23cdb2c6babad9b2b0dcf47c6a2c29d504e4c7a8\log4j-api-2.14.0.jar;C:\Users\gramb\.gradle\caches\modules-2\files-2.1\org.xerial\sqlite-jdbc\3.34.0\fd29bb0124e3f79c80b2753162a6a3873c240bcf\sqlite-jdbc-3.34.0.jar;C:\Users\gramb\.gradle\caches\modules-2\files-2.1\net.harawata\appdirs\1.2.1\80aa50324d89ac015504563a52c6848f3654b0b9\appdirs-1.2.1.jar;C:\Users\gramb\.gradle\caches\modules-2\files-2.1\org.jetbrains.kotlin\kotlin-stdlib\1.5.10\da6a904b132f0402fa4d79169a3c1770598d4702\kotlin-stdlib-1.5.10.jar;C:\Users\gramb\.gradle\caches\modules-2\files-2.1\org.jetbrains.kotlin\kotlin-reflect\1.4.32\ce852b166d97f0f1991b5130c2bb02e2ef6c554e\kotlin-reflect-1.4.32.jar;C:\Users\gramb\.gradle\caches\modules-2\files-2.1\org.slf4j\slf4j-api\1.7.25\da76ca59f6a57ee3102f8f9bd9cee742973efa8a\slf4j-api-1.7.25.jar;C:\Users\gr
Launcher Type: SUN_STANDARD

[Global flags]
     intx CICompilerCount                          = 4                                         {product} {ergonomic}
     uint ConcGCThreads                            = 2                                         {product} {ergonomic}
     uint G1ConcRefinementThreads                  = 8                                         {product} {ergonomic}
   size_t G1HeapRegionSize                         = 2097152                                   {product} {ergonomic}
    uintx GCDrainStackTargetSize                   = 64                                        {product} {ergonomic}
   size_t InitialHeapSize                          = 268435456                                 {product} {ergonomic}
   size_t MarkStackSize                            = 4194304                                   {product} {ergonomic}
   size_t MaxHeapSize                              = 4280287232                                {product} {ergonomic}
   size_t MaxNewSize                               = 2566914048                                {product} {ergonomic}
   size_t MinHeapDeltaBytes                        = 2097152                                   {product} {ergonomic}
   size_t MinHeapSize                              = 8388608                                   {product} {ergonomic}
    uintx NonNMethodCodeHeapSize                   = 5839372                                {pd product} {ergonomic}
    uintx NonProfiledCodeHeapSize                  = 122909434                              {pd product} {ergonomic}
    uintx ProfiledCodeHeapSize                     = 122909434                              {pd product} {ergonomic}
    uintx ReservedCodeCacheSize                    = 251658240                              {pd product} {ergonomic}
     bool SegmentedCodeCache                       = true                                      {product} {ergonomic}
   size_t SoftMaxHeapSize                          = 4280287232                             {manageable} {ergonomic}
     bool UseCompressedClassPointers               = true                                 {lp64_product} {ergonomic}
     bool UseCompressedOops                        = true                                 {lp64_product} {ergonomic}
     bool UseG1GC                                  = true                                      {product} {ergonomic}
     bool UseLargePagesIndividualAllocation        = false                                  {pd product} {ergonomic}

Logging:
Log output configuration:
 #0: stdout all=warning uptime,level,tags
 #1: stderr all=off uptime,level,tags

Environment Variables:
JAVA_HOME=C:\Program Files\Java\jdk15.0.1_9
PATH=G:\PostgreSQL\bin;C:\Program Files\Java\jdk15.0.1_9\bin;C:\apps\anaconda3;C:\Program Files (x86)\Razer Chroma SDK\bin;C:\Program Files\Razer Chroma SDK\bin;C:\Program Files (x86)\Razer\ChromaBroadcast\bin;C:\Program Files\Razer\ChromaBroadcast\bin;C:\Program Files (x86)\Common Files\Oracle\Java\javapath;C:\apps\cmder\vendor\git-for-windows\bin;C:\apps\gradle\bin;C:\apps\apache-maven-3.3.9\bin;C:\Windows\system32;C:\Windows;C:\Windows\System32\Wbem;C:\Windows\System32\WindowsPowerShell\v1.0\;C:\Program Files (x86)\NVIDIA Corporation\PhysX\Common;C:\Program Files\MySQL\MySQL Utilities 1.6\;C:\Program Files (x86)\OpenVPN\bin;C:\WINDOWS\system32;C:\WINDOWS;C:\WINDOWS\System32\Wbem;C:\WINDOWS\System32\WindowsPowerShell\v1.0\;C:\apps\lessmsi;C:\Users\gramb\.IntelliJIdea2017.2\config\plugins\Kotlin\kotlinc\bin;C:\apps\android-sdk-windows\tools;C:\apps\android-sdk-windows\tools\bin;C:\apps\android-sdk-windows\platform-tools;C:\Program Files (x86)\WinMerge;C:\apps\nodejs\;C:\WINDOWS\System32\OpenSSH\;C:\apps\flutter\bin;C:\Program Files\NVIDIA Corporation\NVIDIA NvDLISR;C:\apps\flutter\bin\cache\dart-sdk\bin;C:\WINDOWS\system32\config\systemprofile\AppData\Local\Microsoft\WindowsApps;C:\apps\sqllite\sqlite-tools-win32-x86-3310100;C:\WINDOWS\system32;C:\WINDOWS;C:\WINDOWS\System32\Wbem;C:\WINDOWS\System32\WindowsPowerShell\v1.0\;C:\WINDOWS\System32\OpenSSH\;C:\my_workspace\grim_locations\build\wixToolset\unpacked;C:\Program Files\dotnet\;C:\Users\gramb\AppData\Local\Microsoft\WindowsApps;C:\Program Files\Microsoft VS Code\bin;C:\Program Files\Heroku\bin;C:\Users\gramb\AppData\Roaming\npm;;C:\Program Files\JetBrains\IntelliJ IDEA 2021.1\bin;
USERNAME=gbaldeck
OS=Windows_NT
PROCESSOR_IDENTIFIER=Intel64 Family 6 Model 60 Stepping 3, GenuineIntel



---------------  S Y S T E M  ---------------

OS:
 Windows 10 , 64 bit Build 19041 (10.0.19041.928)
OS uptime: 1 days 0:31 hours

CPU: total 8 (initial active 8) (4 cores per cpu, 2 threads per core) family 6 model 60 stepping 3 microcode 0x28, cmov, cx8, fxsr, mmx, sse, sse2, sse3, ssse3, sse4.1, sse4.2, popcnt, vzeroupper, avx, avx2, aes, clmul, erms, lzcnt, ht, tsc, tscinvbit, bmi1, bmi2, fma, clflush

Memory: 4k page, system-wide physical 16325M (6122M free)
TotalPageFile size 18757M (AvailPageFile size 5193M)
current process WorkingSet (physical memory assigned to process): 367M, peak: 368M
current process commit charge ("private bytes"): 597M, peak: 598M

vm_info: OpenJDK 64-Bit Server VM (15.0.1+9) for windows-amd64 JRE (15.0.1+9), built on Oct 22 2020 19:42:46 by "Administrator" with MS VC++ 15.9 (VS2017)

END.
